TN:
SF:C:\!My\IBA\Gerrit\yarlou-ang15\app\app.module.js
FNF:0
FNH:0
DA:2,1
LF:1
LH:1
BRF:0
BRH:0
end_of_record
TN:
SF:C:\!My\IBA\Gerrit\yarlou-ang15\app\app.config.js
FN:3,(anonymous_1)
FNF:1
FNH:1
FNDA:15,(anonymous_1)
DA:1,1
DA:4,15
DA:7,15
DA:18,15
LF:4
LH:4
BRF:0
BRH:0
end_of_record
TN:
SF:C:\!My\IBA\Gerrit\yarlou-ang15\app\app.js
FN:4,(anonymous_1)
FN:12,(anonymous_2)
FN:14,(anonymous_3)
FNF:3
FNH:3
FNDA:1,(anonymous_1)
FNDA:2,(anonymous_2)
FNDA:4,(anonymous_3)
DA:2,1
DA:6,1
DA:12,1
DA:14,2
DA:15,4
DA:16,2
DA:18,2
LF:7
LH:7
BRDA:15,1,0,2
BRDA:15,1,1,2
BRF:2
BRH:2
end_of_record
TN:
SF:C:\!My\IBA\Gerrit\yarlou-ang15\app\app.spec.js
FN:3,(anonymous_1)
FN:8,(anonymous_2)
FN:14,(anonymous_3)
FNF:3
FNH:3
FNDA:1,(anonymous_1)
FNDA:1,(anonymous_2)
FNDA:1,(anonymous_3)
DA:3,1
DA:4,1
DA:6,1
DA:8,1
DA:9,1
DA:10,1
DA:11,1
DA:14,1
DA:15,1
DA:16,1
DA:17,1
DA:19,1
DA:20,1
DA:21,1
LF:14
LH:14
BRF:0
BRH:0
end_of_record
TN:
SF:C:\!My\IBA\Gerrit\yarlou-ang15\app\myFilters\isUnique.filter.js
FN:4,(anonymous_1)
FN:5,(anonymous_2)
FN:8,(anonymous_3)
FNF:3
FNH:0
FNDA:0,(anonymous_1)
FNDA:0,(anonymous_2)
FNDA:0,(anonymous_3)
DA:3,1
DA:5,0
DA:6,0
DA:8,0
DA:9,0
DA:10,0
DA:15,0
LF:7
LH:1
BRDA:9,1,0,0
BRDA:9,1,1,0
BRDA:15,2,0,0
BRDA:15,2,1,0
BRF:4
BRH:0
end_of_record
TN:
SF:C:\!My\IBA\Gerrit\yarlou-ang15\app\tasksModel\tasksModel.factory.js
FN:5,(anonymous_1)
FN:11,(anonymous_2)
FN:13,(anonymous_3)
FN:17,(anonymous_4)
FN:25,(anonymous_5)
FN:30,(anonymous_6)
FN:35,(anonymous_7)
FN:42,(anonymous_8)
FN:48,(anonymous_9)
FN:52,(anonymous_10)
FN:63,(anonymous_11)
FN:64,(anonymous_12)
FN:86,(anonymous_13)
FNF:13
FNH:9
FNDA:14,(anonymous_1)
FNDA:7,(anonymous_2)
FNDA:7,(anonymous_3)
FNDA:0,(anonymous_4)
FNDA:1,(anonymous_5)
FNDA:1,(anonymous_6)
FNDA:3,(anonymous_7)
FNDA:2,(anonymous_8)
FNDA:18,(anonymous_9)
FNDA:18,(anonymous_10)
FNDA:0,(anonymous_11)
FNDA:0,(anonymous_12)
FNDA:0,(anonymous_13)
DA:2,1
DA:7,14
DA:11,14
DA:12,7
DA:14,7
DA:15,3
DA:18,0
DA:19,0
DA:25,14
DA:26,1
DA:30,14
DA:31,1
DA:35,14
DA:36,3
DA:42,14
DA:43,2
DA:48,14
DA:49,18
DA:51,18
DA:54,18
DA:55,18
DA:56,0
DA:58,18
DA:59,18
DA:60,4
DA:63,18
DA:64,0
DA:65,0
DA:70,0
DA:71,0
DA:76,18
DA:77,0
DA:78,0
DA:81,18
DA:82,4
DA:83,4
DA:87,0
DA:88,0
DA:95,14
DA:98,14
LF:40
LH:29
BRDA:14,1,0,3
BRDA:14,1,1,4
BRDA:65,2,0,0
BRDA:65,2,1,0
BRDA:65,3,0,0
BRDA:65,3,1,0
BRDA:65,3,2,0
BRDA:65,3,3,0
BRDA:77,4,0,0
BRDA:77,4,1,0
BRDA:82,5,0,4
BRDA:82,5,1,0
BRF:12
BRH:3
end_of_record
TN:
SF:C:\!My\IBA\Gerrit\yarlou-ang15\app\tasksModel\tasksModel.factory.spec.js
FN:3,(anonymous_1)
FN:7,(anonymous_2)
FN:25,(anonymous_3)
FN:31,(anonymous_4)
FN:35,(anonymous_5)
FN:36,(anonymous_6)
FN:40,(anonymous_7)
FN:51,(anonymous_8)
FN:52,(anonymous_9)
FN:59,(anonymous_10)
FN:66,(anonymous_11)
FN:73,(anonymous_12)
FNF:12
FNH:12
FNDA:1,(anonymous_1)
FNDA:7,(anonymous_2)
FNDA:7,(anonymous_3)
FNDA:1,(anonymous_4)
FNDA:1,(anonymous_5)
FNDA:1,(anonymous_6)
FNDA:1,(anonymous_7)
FNDA:1,(anonymous_8)
FNDA:1,(anonymous_9)
FNDA:1,(anonymous_10)
FNDA:1,(anonymous_11)
FNDA:1,(anonymous_12)
DA:3,1
DA:4,1
DA:6,1
DA:7,1
DA:8,7
DA:9,7
DA:10,7
DA:11,7
DA:14,7
DA:15,7
DA:16,7
DA:17,7
DA:18,7
DA:21,7
DA:22,7
DA:25,1
DA:26,7
DA:27,7
DA:31,1
DA:32,1
DA:35,1
DA:36,1
DA:37,1
DA:40,1
DA:42,1
DA:43,1
DA:45,1
DA:46,1
DA:47,1
DA:51,1
DA:52,1
DA:53,1
DA:55,1
DA:56,1
DA:59,1
DA:60,1
DA:62,1
DA:63,1
DA:66,1
DA:67,1
DA:69,1
DA:70,1
DA:73,1
DA:74,1
DA:76,1
DA:77,1
LF:46
LH:46
BRF:0
BRH:0
end_of_record
TN:
SF:C:\!My\IBA\Gerrit\yarlou-ang15\app\taskListComponent\taskList.module.js
FNF:0
FNH:0
DA:1,1
LF:1
LH:1
BRF:0
BRH:0
end_of_record
TN:
SF:C:\!My\IBA\Gerrit\yarlou-ang15\app\taskListComponent\taskList.component.js
FN:1,(anonymous_1)
FN:6,(anonymous_2)
FN:26,(anonymous_3)
FN:39,(anonymous_4)
FN:48,(anonymous_5)
FN:53,(anonymous_6)
FN:54,(anonymous_7)
FN:68,(anonymous_8)
FN:79,(anonymous_9)
FN:84,(anonymous_10)
FN:91,(anonymous_11)
FNF:11
FNH:5
FNDA:7,(anonymous_1)
FNDA:2,(anonymous_2)
FNDA:0,(anonymous_3)
FNDA:0,(anonymous_4)
FNDA:1,(anonymous_5)
FNDA:1,(anonymous_6)
FNDA:0,(anonymous_7)
FNDA:0,(anonymous_8)
FNDA:0,(anonymous_9)
FNDA:2,(anonymous_10)
FNDA:0,(anonymous_11)
DA:1,1
DA:6,7
DA:7,2
DA:10,2
DA:11,1
DA:12,1
DA:14,1
DA:18,1
DA:19,1
DA:20,0
DA:21,0
DA:22,0
DA:25,1
DA:26,1
DA:27,0
DA:28,0
DA:33,1
DA:34,1
DA:35,1
DA:39,7
DA:40,0
DA:41,0
DA:42,0
DA:44,0
DA:48,7
DA:49,1
DA:53,7
DA:54,1
DA:55,0
DA:56,0
DA:60,1
DA:61,1
DA:62,0
DA:63,0
DA:64,0
DA:67,1
DA:68,1
DA:69,0
DA:70,0
DA:75,1
DA:79,7
DA:80,0
DA:84,7
DA:85,2
DA:86,2
DA:87,0
DA:90,2
DA:91,1
DA:92,0
DA:93,0
DA:97,2
DA:104,2
DA:105,2
DA:112,7
DA:116,7
DA:120,7
DA:122,7
DA:125,7
DA:128,7
DA:129,7
DA:130,7
DA:131,7
DA:132,7
DA:133,7
DA:139,1
LF:65
LH:45
BRDA:11,1,0,1
BRDA:11,1,1,0
BRDA:20,2,0,0
BRDA:20,2,1,0
BRDA:25,3,0,1
BRDA:25,3,1,0
BRDA:27,4,0,0
BRDA:27,4,1,0
BRDA:55,5,0,0
BRDA:55,5,1,0
BRDA:62,6,0,0
BRDA:62,6,1,0
BRDA:67,7,0,1
BRDA:67,7,1,0
BRDA:69,8,0,0
BRDA:69,8,1,0
BRDA:86,9,0,0
BRDA:86,9,1,2
BRDA:90,10,0,1
BRDA:90,10,1,1
BRDA:92,11,0,0
BRDA:92,11,1,0
BRF:22
BRH:6
end_of_record
TN:
SF:C:\!My\IBA\Gerrit\yarlou-ang15\app\mainPageComponent\mainPage.module.js
FNF:0
FNH:0
DA:1,1
LF:1
LH:1
BRF:0
BRH:0
end_of_record
TN:
SF:C:\!My\IBA\Gerrit\yarlou-ang15\app\taskListComponent\taskList.component.spec.js
FN:3,(anonymous_1)
FN:8,(anonymous_2)
FN:9,(anonymous_3)
FN:32,(anonymous_4)
FN:38,(anonymous_5)
FN:43,(anonymous_6)
FN:51,(anonymous_7)
FN:60,(anonymous_8)
FN:67,(anonymous_9)
FN:83,(anonymous_10)
FN:100,(anonymous_11)
FNF:11
FNH:11
FNDA:1,(anonymous_1)
FNDA:1,(anonymous_2)
FNDA:7,(anonymous_3)
FNDA:7,(anonymous_4)
FNDA:1,(anonymous_5)
FNDA:1,(anonymous_6)
FNDA:1,(anonymous_7)
FNDA:1,(anonymous_8)
FNDA:1,(anonymous_9)
FNDA:1,(anonymous_10)
FNDA:1,(anonymous_11)
DA:3,1
DA:4,1
DA:6,1
DA:8,1
DA:9,1
DA:10,7
DA:11,7
DA:13,7
DA:15,7
DA:16,7
DA:17,7
DA:19,7
DA:22,7
DA:25,7
DA:28,7
DA:32,1
DA:33,7
DA:34,7
DA:38,1
DA:39,1
DA:43,1
DA:44,1
DA:45,1
DA:47,1
DA:48,1
DA:51,1
DA:52,1
DA:53,1
DA:54,1
DA:56,1
DA:57,1
DA:60,1
DA:61,1
DA:62,1
DA:64,1
DA:67,1
DA:68,1
DA:71,1
DA:76,1
DA:78,1
DA:83,1
DA:84,1
DA:87,1
DA:92,1
DA:93,1
DA:95,1
DA:100,1
DA:101,1
DA:104,1
DA:110,1
DA:112,1
LF:51
LH:51
BRF:0
BRH:0
end_of_record
